HBuilder-Integrate/app/build/outputs/logs/manifest-merger-debug-report.txt
-- Merging decision tree log ---
manifest
ADDED from src\main\AndroidManifest.xml:1:1-500:12
	xmlns:android
		ADDED from src\main\AndroidManifest.xml:1:11-69
	package
		ADDED from src\main\AndroidManifest.xml:2:5-37
		INJECTED from src\main\AndroidManifest.xml
		INJECTED from src\main\AndroidManifest.xml
	android:versionName
		ADDED from src\main\AndroidManifest.xml:4:5-32
	android:versionCode
		ADDED from src\main\AndroidManifest.xml:3:5-30
		INJECTED from src\main\AndroidManifest.xml
		INJECTED from src\main\AndroidManifest.xml
supports-screens
ADDED from src\main\AndroidManifest.xml:6:5-11:39
	android:resizeable
		ADDED from src\main\AndroidManifest.xml:10:9-34
	android:largeScreens
		ADDED from src\main\AndroidManifest.xml:8:9-36
	android:anyDensity
		ADDED from src\main\AndroidManifest.xml:7:9-34
	android:normalScreens
		ADDED from src\main\AndroidManifest.xml:9:9-37
	android:smallScreens
		ADDED from src\main\AndroidManifest.xml:11:9-36
uses-sdk
ADDED from src\main\AndroidManifest.xml:13:5-43
	android:targetSdkVersion
		INJECTED from src\main\AndroidManifest.xml
		INJECTED from src\main\AndroidManifest.xml
	android:minSdkVersion
		ADDED from src\main\AndroidManifest.xml:13:15-40
		INJECTED from src\main\AndroidManifest.xml
		INJECTED from src\main\AndroidManifest.xml
uses-permission#android.permission.INTERNET
ADDED from src\main\AndroidManifest.xml:16:5-67
	android:name
		ADDED from src\main\AndroidManifest.xml:16:22-64
uses-permission#android.permission.WRITE_EXTERNAL_STORAGE
ADDED from src\main\AndroidManifest.xml:18:5-81
	android:name
		ADDED from src\main\AndroidManifest.xml:18:22-78
uses-permission#android.permission.RECORD_AUDIO
ADDED from src\main\AndroidManifest.xml:24:5-71
	android:name
		ADDED from src\main\AndroidManifest.xml:24:22-68
uses-permission#android.permission.MODIFY_AUDIO_SETTINGS
ADDED from src\main\AndroidManifest.xml:26:5-80
	android:name
		ADDED from src\main\AndroidManifest.xml:26:22-77
uses-permission#android.permission.CAMERA
ADDED from src\main\AndroidManifest.xml:32:5-65
	android:name
		ADDED from src\main\AndroidManifest.xml:32:22-62
uses-feature#android.hardware.camera
ADDED from src\main\AndroidManifest.xml:34:5-60
	android:name
		ADDED from src\main\AndroidManifest.xml:34:19-57
uses-permission#android.permission.GET_ACCOUNTS
ADDED from src\main\AndroidManifest.xml:40:5-71
	android:name
		ADDED from src\main\AndroidManifest.xml:40:22-68
uses-permission#android.permission.WRITE_CONTACTS
ADDED from src\main\AndroidManifest.xml:41:5-73
	android:name
		ADDED from src\main\AndroidManifest.xml:41:22-70
uses-permission#android.permission.READ_CONTACTS
ADDED from src\main\AndroidManifest.xml:42:5-72
	android:name
		ADDED from src\main\AndroidManifest.xml:42:22-69
uses-permission#android.permission.WAKE_LOCK
ADDED from src\main\AndroidManifest.xml:48:5-68
	android:name
		ADDED from src\main\AndroidManifest.xml:48:22-65
uses-permission#android.permission.VIBRATE
ADDED from src\main\AndroidManifest.xml:50:5-66
	android:name
		ADDED from src\main\AndroidManifest.xml:50:22-63
uses-permission#android.permission.CALL_PHONE
ADDED from src\main\AndroidManifest.xml:52:5-69
	android:name
		ADDED from src\main\AndroidManifest.xml:52:22-66
uses-permission#android.permission.ACCESS_WIFI_STATE
ADDED from src\main\AndroidManifest.xml:54:5-76
	android:name
		ADDED from src\main\AndroidManifest.xml:54:22-73
uses-permission#android.permission.ACCESS_NETWORK_STATE
ADDED from src\main\AndroidManifest.xml:55:5-79
	android:name
		ADDED from src\main\AndroidManifest.xml:55:22-76
uses-permission#android.permission.READ_PHONE_STATE
ADDED from src\main\AndroidManifest.xml:57:5-75
	android:name
		ADDED from src\main\AndroidManifest.xml:57:22-72
uses-permission#android.permission.SEND_SMS
ADDED from src\main\AndroidManifest.xml:66:5-67
	android:name
		ADDED from src\main\AndroidManifest.xml:66:22-64
uses-permission#android.permission.WRITE_SMS
ADDED from src\main\AndroidManifest.xml:67:5-68
	android:name
		ADDED from src\main\AndroidManifest.xml:67:22-65
uses-permission#android.permission.READ_SMS
ADDED from src\main\AndroidManifest.xml:68:5-67
	android:name
		ADDED from src\main\AndroidManifest.xml:68:22-64
uses-permission#com.android.launcher.permission.INSTALL_SHORTCUT
ADDED from src\main\AndroidManifest.xml:76:5-88
	android:name
		ADDED from src\main\AndroidManifest.xml:76:22-85
uses-permission#com.android.launcher.permission.UNINSTALL_SHORTCUT
ADDED from src\main\AndroidManifest.xml:77:5-90
	android:name
		ADDED from src\main\AndroidManifest.xml:77:22-87
uses-feature#android.hardware.camera.autofocus
ADDED from src\main\AndroidManifest.xml:86:5-70
	android:name
		ADDED from src\main\AndroidManifest.xml:86:19-67
uses-permission#android.permission.FLASHLIGHT
ADDED from src\main\AndroidManifest.xml:89:5-69
	android:name
		ADDED from src\main\AndroidManifest.xml:89:22-66
uses-permission#android.permission.ACCESS_COARSE_LOCATION
ADDED from src\main\AndroidManifest.xml:97:5-81
	android:name
		ADDED from src\main\AndroidManifest.xml:97:22-78
uses-permission#android.permission.ACCESS_FINE_LOCATION
ADDED from src\main\AndroidManifest.xml:98:5-79
	android:name
		ADDED from src\main\AndroidManifest.xml:98:22-76
uses-permission#android.permission.WRITE_SETTINGS
ADDED from src\main\AndroidManifest.xml:99:5-73
	android:name
		ADDED from src\main\AndroidManifest.xml:99:22-70
uses-permission#android.permission.CHANGE_WIFI_STATE
ADDED from src\main\AndroidManifest.xml:101:5-76
	android:name
		ADDED from src\main\AndroidManifest.xml:101:22-73
uses-permission#android.permission.MOUNT_UNMOUNT_FILESYSTEMS
ADDED from src\main\AndroidManifest.xml:103:5-84
	android:name
		ADDED from src\main\AndroidManifest.xml:103:22-81
uses-permission#android.permission.READ_LOGS
ADDED from src\main\AndroidManifest.xml:104:5-68
	android:name
		ADDED from src\main\AndroidManifest.xml:104:22-65
uses-permission#android.permission.RECEIVE_BOOT_COMPLETED
ADDED from src\main\AndroidManifest.xml:124:5-81
	android:name
		ADDED from src\main\AndroidManifest.xml:124:22-78
uses-permission#getui.permission.GetuiService
ADDED from src\main\AndroidManifest.xml:129:5-69
	android:name
		ADDED from src\main\AndroidManifest.xml:129:22-66
uses-permission#android.permission.CHANGE_NETWORK_STATE
ADDED from src\main\AndroidManifest.xml:156:5-79
	android:name
		ADDED from src\main\AndroidManifest.xml:156:22-76
uses-permission#android.permission.RECEIVE_USER_PRESENT
ADDED from src\main\AndroidManifest.xml:165:5-79
	android:name
		ADDED from src\main\AndroidManifest.xml:165:22-76
application
ADDED from src\main\AndroidManifest.xml:168:5-498:19
	android:label
		ADDED from src\main\AndroidManifest.xml:171:9-41
	android:icon
		ADDED from src\main\AndroidManifest.xml:170:9-38
	android:theme
		ADDED from src\main\AndroidManifest.xml:173:9-43
	android:largeHeap
		ADDED from src\main\AndroidManifest.xml:172:9-33
	android:allowClearUserData
		ADDED from src\main\AndroidManifest.xml:169:9-42
activity#com.HBuilder.integrate.ActivityEntry
ADDED from src\main\AndroidManifest.xml:174:9-188:20
	android:windowSoftInputMode
		ADDED from src\main\AndroidManifest.xml:180:13-55
	android:screenOrientation
		ADDED from src\main\AndroidManifest.xml:179:13-45
	android:label
		ADDED from src\main\AndroidManifest.xml:177:13-45
	android:configChanges
		ADDED from src\main\AndroidManifest.xml:176:13-63
	android:name
		ADDED from src\main\AndroidManifest.xml:175:13-64
	android:launchMode
		ADDED from src\main\AndroidManifest.xml:178:13-44
intent-filter#android.intent.action.MAIN+android.intent.category.LAUNCHER
ADDED from src\main\AndroidManifest.xml:182:13-186:29
action#android.intent.action.MAIN
ADDED from src\main\AndroidManifest.xml:183:17-69
	android:name
		ADDED from src\main\AndroidManifest.xml:183:25-66
category#android.intent.category.LAUNCHER
ADDED from src\main\AndroidManifest.xml:185:17-77
	android:name
		ADDED from src\main\AndroidManifest.xml:185:27-74
activity#com.HBuilder.integrate.SDK_Runtime
ADDED from src\main\AndroidManifest.xml:189:9-192:50
	android:screenOrientation
		ADDED from src\main\AndroidManifest.xml:192:13-47
	android:configChanges
		ADDED from src\main\AndroidManifest.xml:191:13-63
	android:name
		ADDED from src\main\AndroidManifest.xml:190:13-62
activity#com.HBuilder.integrate.SDK_WebApp
ADDED from src\main\AndroidManifest.xml:193:9-197:64
	android:screenOrientation
		ADDED from src\main\AndroidManifest.xml:196:13-45
	android:configChanges
		ADDED from src\main\AndroidManifest.xml:195:13-74
	android:theme
		ADDED from src\main\AndroidManifest.xml:197:13-61
	android:name
		ADDED from src\main\AndroidManifest.xml:194:13-61
activity#com.HBuilder.integrate.SDK_WebView
ADDED from src\main\AndroidManifest.xml:198:9-201:50
	android:screenOrientation
		ADDED from src\main\AndroidManifest.xml:201:13-47
	android:configChanges
		ADDED from src\main\AndroidManifest.xml:200:13-74
	android:name
		ADDED from src\main\AndroidManifest.xml:199:13-62
activity#io.dcloud.PandoraEntryActivity
ADDED from src\main\AndroidManifest.xml:202:9-210:58
	android:windowSoftInputMode
		ADDED from src\main\AndroidManifest.xml:210:13-55
	android:screenOrientation
		ADDED from src\main\AndroidManifest.xml:208:13-45
	android:label
		ADDED from src\main\AndroidManifest.xml:206:13-36
	android:configChanges
		ADDED from src\main\AndroidManifest.xml:204:13-74
	android:theme
		ADDED from src\main\AndroidManifest.xml:209:13-47
	android:hardwareAccelerated
		ADDED from src\main\AndroidManifest.xml:205:13-47
	android:name
		ADDED from src\main\AndroidManifest.xml:203:13-58
	android:launchMode
		ADDED from src\main\AndroidManifest.xml:207:13-44
service#io.dcloud.common.adapter.io.MiniServerService
ADDED from src\main\AndroidManifest.xml:212:9-214:39
	android:exported
		ADDED from src\main\AndroidManifest.xml:214:13-36
	android:name
		ADDED from src\main\AndroidManifest.xml:213:13-73
activity#io.dcloud.imagepick.CustomGalleryActivity
ADDED from src\main\AndroidManifest.xml:216:9-223:20
	android:name
		ADDED from src\main\AndroidManifest.xml:216:19-75
intent-filter#android.intent.category.DEFAULT+io.dcloud.ACTION_MULTIPLE_PICK+io.dcloud.ACTION_PICK
ADDED from src\main\AndroidManifest.xml:217:13-222:29
action#io.dcloud.ACTION_PICK
ADDED from src\main\AndroidManifest.xml:218:17-64
	android:name
		ADDED from src\main\AndroidManifest.xml:218:25-61
action#io.dcloud.ACTION_MULTIPLE_PICK
ADDED from src\main\AndroidManifest.xml:219:17-73
	android:name
		ADDED from src\main\AndroidManifest.xml:219:25-70
category#android.intent.category.DEFAULT
ADDED from src\main\AndroidManifest.xml:221:17-76
	android:name
		ADDED from src\main\AndroidManifest.xml:221:27-73
meta-data#UMENG_APPKEY
ADDED from src\main\AndroidManifest.xml:229:9-231:46
	android:name
		ADDED from src\main\AndroidManifest.xml:230:13-40
	android:value
		ADDED from src\main\AndroidManifest.xml:231:13-43
meta-data#UMENG_CHANNEL
ADDED from src\main\AndroidManifest.xml:232:9-234:42
	android:name
		ADDED from src\main\AndroidManifest.xml:233:13-41
	android:value
		ADDED from src\main\AndroidManifest.xml:234:13-39
meta-data#com.baidu.lbsapi.API_KEY
ADDED from src\main\AndroidManifest.xml:240:9-242:56
	android:name
		ADDED from src\main\AndroidManifest.xml:241:13-52
	android:value
		ADDED from src\main\AndroidManifest.xml:242:13-53
service#com.baidu.location.f
ADDED from src\main\AndroidManifest.xml:244:9-247:41
	android:process
		ADDED from src\main\AndroidManifest.xml:247:13-38
	android:enabled
		ADDED from src\main\AndroidManifest.xml:246:13-35
	android:name
		ADDED from src\main\AndroidManifest.xml:245:13-48
meta-data#QQ_APPID
ADDED from src\main\AndroidManifest.xml:254:9-256:39
	android:name
		ADDED from src\main\AndroidManifest.xml:255:13-36
	android:value
		ADDED from src\main\AndroidManifest.xml:256:13-36
activity#com.tencent.tauth.AuthActivity
ADDED from src\main\AndroidManifest.xml:258:9-270:20
	android:noHistory
		ADDED from src\main\AndroidManifest.xml:261:13-37
	android:name
		ADDED from src\main\AndroidManifest.xml:259:13-58
	android:launchMode
		ADDED from src\main\AndroidManifest.xml:260:13-44
intent-filter#android.intent.action.VIEW+android.intent.category.BROWSABLE+android.intent.category.DEFAULT
ADDED from src\main\AndroidManifest.xml:262:13-269:29
action#android.intent.action.VIEW
ADDED from src\main\AndroidManifest.xml:263:17-69
	android:name
		ADDED from src\main\AndroidManifest.xml:263:25-66
category#android.intent.category.BROWSABLE
ADDED from src\main\AndroidManifest.xml:266:17-78
	android:name
		ADDED from src\main\AndroidManifest.xml:266:27-75
data
ADDED from src\main\AndroidManifest.xml:268:17-50
	android:scheme
		ADDED from src\main\AndroidManifest.xml:268:23-47
activity#com.tencent.connect.common.AssistActivity
ADDED from src\main\AndroidManifest.xml:271:9-274:75
	android:screenOrientation
		ADDED from src\main\AndroidManifest.xml:273:13-49
	android:theme
		ADDED from src\main\AndroidManifest.xml:274:13-72
	android:name
		ADDED from src\main\AndroidManifest.xml:272:13-69
meta-data#IFLY_APPKEY
ADDED from src\main\AndroidManifest.xml:305:9-307:40
	android:name
		ADDED from src\main\AndroidManifest.xml:306:13-39
	android:value
		ADDED from src\main\AndroidManifest.xml:307:13-37
receiver#io.dcloud.feature.apsGt.PushMessageReceiver
ADDED from src\main\AndroidManifest.xml:317:9-323:20
	android:name
		ADDED from src\main\AndroidManifest.xml:317:19-77
intent-filter#com.igexin.sdk.action.bBPiGM1VQ66mhMI3d9tG0A
ADDED from src\main\AndroidManifest.xml:320:13-322:29
action#com.igexin.sdk.action.bBPiGM1VQ66mhMI3d9tG0A
ADDED from src\main\AndroidManifest.xml:321:17-87
	android:name
		ADDED from src\main\AndroidManifest.xml:321:25-84
receiver#io.dcloud.feature.apsGt.GTNotificationReceiver
ADDED from src\main\AndroidManifest.xml:324:9-334:20
	android:name
		ADDED from src\main\AndroidManifest.xml:324:19-80
intent-filter#android.intent.action.BOOT_COMPLETED+com.HBuilder.Integrate.__CLEAR_NOTIFICATION+com.HBuilder.Integrate.__CLILK_NOTIFICATION+com.HBuilder.Integrate.__CREATE_NOTIFICATION+com.HBuilder.Integrate.__REMOVE_NOTIFICATION
ADDED from src\main\AndroidManifest.xml:327:13-333:29
action#android.intent.action.BOOT_COMPLETED
ADDED from src\main\AndroidManifest.xml:328:17-79
	android:name
		ADDED from src\main\AndroidManifest.xml:328:25-76
action#com.HBuilder.Integrate.__CREATE_NOTIFICATION
ADDED from src\main\AndroidManifest.xml:329:17-87
	android:name
		ADDED from src\main\AndroidManifest.xml:329:25-84
action#com.HBuilder.Integrate.__REMOVE_NOTIFICATION
ADDED from src\main\AndroidManifest.xml:330:17-87
	android:name
		ADDED from src\main\AndroidManifest.xml:330:25-84
action#com.HBuilder.Integrate.__CLEAR_NOTIFICATION
ADDED from src\main\AndroidManifest.xml:331:17-86
	android:name
		ADDED from src\main\AndroidManifest.xml:331:25-83
action#com.HBuilder.Integrate.__CLILK_NOTIFICATION
ADDED from src\main\AndroidManifest.xml:332:17-86
	android:name
		ADDED from src\main\AndroidManifest.xml:332:25-83
meta-data#PUSH_APPID
ADDED from src\main\AndroidManifest.xml:336:9-338:48
	android:name
		ADDED from src\main\AndroidManifest.xml:337:13-38
	android:value
		ADDED from src\main\AndroidManifest.xml:338:13-45
meta-data#PUSH_APPKEY
ADDED from src\main\AndroidManifest.xml:339:9-341:49
	android:name
		ADDED from src\main\AndroidManifest.xml:340:13-39
	android:value
		ADDED from src\main\AndroidManifest.xml:341:13-46
meta-data#PUSH_APPSECRET
ADDED from src\main\AndroidManifest.xml:342:9-344:49
	android:name
		ADDED from src\main\AndroidManifest.xml:343:13-42
	android:value
		ADDED from src\main\AndroidManifest.xml:344:13-46
service#com.igexin.sdk.PushService
ADDED from src\main\AndroidManifest.xml:346:9-350:46
	android:label
		ADDED from src\main\AndroidManifest.xml:349:13-47
	android:process
		ADDED from src\main\AndroidManifest.xml:350:13-43
	android:exported
		ADDED from src\main\AndroidManifest.xml:348:13-36
	android:name
		ADDED from src\main\AndroidManifest.xml:347:13-54
receiver#com.igexin.sdk.PushReceiver
ADDED from src\main\AndroidManifest.xml:352:9-359:20
	android:name
		ADDED from src\main\AndroidManifest.xml:352:19-61
intent-filter#android.intent.action.BOOT_COMPLETED+android.intent.action.USER_PRESENT+android.net.conn.CONNECTIVITY_CHANGE+com.igexin.sdk.action.refreshls
ADDED from src\main\AndroidManifest.xml:353:13-358:29
action#android.net.conn.CONNECTIVITY_CHANGE
ADDED from src\main\AndroidManifest.xml:355:17-79
	android:name
		ADDED from src\main\AndroidManifest.xml:355:25-76
action#android.intent.action.USER_PRESENT
ADDED from src\main\AndroidManifest.xml:356:17-77
	android:name
		ADDED from src\main\AndroidManifest.xml:356:25-74
action#com.igexin.sdk.action.refreshls
ADDED from src\main\AndroidManifest.xml:357:17-74
	android:name
		ADDED from src\main\AndroidManifest.xml:357:25-71
receiver#com.igexin.sdk.PushManagerReceiver
ADDED from src\main\AndroidManifest.xml:360:9-366:20
	android:exported
		ADDED from src\main\AndroidManifest.xml:362:13-37
	android:name
		ADDED from src\main\AndroidManifest.xml:361:13-62
intent-filter#com.igexin.sdk.action.pushmanager
ADDED from src\main\AndroidManifest.xml:363:13-365:29
action#com.igexin.sdk.action.pushmanager
ADDED from src\main\AndroidManifest.xml:364:17-76
	android:name
		ADDED from src\main\AndroidManifest.xml:364:25-73
activity#com.igexin.sdk.PushActivity
ADDED from src\main\AndroidManifest.xml:368:9-374:75
	android:theme
		ADDED from src\main\AndroidManifest.xml:374:13-72
	android:process
		ADDED from src\main\AndroidManifest.xml:372:13-43
	android:exported
		ADDED from src\main\AndroidManifest.xml:371:13-37
	android:excludeFromRecents
		ADDED from src\main\AndroidManifest.xml:370:13-46
	android:taskAffinity
		ADDED from src\main\AndroidManifest.xml:373:13-67
	android:name
		ADDED from src\main\AndroidManifest.xml:369:13-55
service#com.igexin.download.DownloadService
ADDED from src\main\AndroidManifest.xml:376:9-378:46
	android:process
		ADDED from src\main\AndroidManifest.xml:378:13-43
	android:name
		ADDED from src\main\AndroidManifest.xml:377:13-63
receiver#com.igexin.download.DownloadReceiver
ADDED from src\main\AndroidManifest.xml:380:9-384:20
	android:name
		ADDED from src\main\AndroidManifest.xml:380:19-70
intent-filter#android.net.conn.CONNECTIVITY_CHANGE
ADDED from src\main\AndroidManifest.xml:381:13-383:29
provider#com.igexin.download.DownloadProvider
ADDED from src\main\AndroidManifest.xml:386:9-389:46
	android:process
		ADDED from src\main\AndroidManifest.xml:389:13-43
	android:authorities
		ADDED from src\main\AndroidManifest.xml:388:13-67
	android:name
		ADDED from src\main\AndroidManifest.xml:387:13-64
activity#com.igexin.getuiext.activity.GetuiExtActivity
ADDED from src\main\AndroidManifest.xml:391:9-398:75
	android:configChanges
		ADDED from src\main\AndroidManifest.xml:393:13-72
	android:theme
		ADDED from src\main\AndroidManifest.xml:398:13-72
	android:process
		ADDED from src\main\AndroidManifest.xml:396:13-43
	android:exported
		ADDED from src\main\AndroidManifest.xml:395:13-37
	android:excludeFromRecents
		ADDED from src\main\AndroidManifest.xml:394:13-46
	android:taskAffinity
		ADDED from src\main\AndroidManifest.xml:397:13-62
	android:name
		ADDED from src\main\AndroidManifest.xml:392:13-73
receiver#com.igexin.getuiext.service.PayloadReceiver
ADDED from src\main\AndroidManifest.xml:400:9-410:20
	android:exported
		ADDED from src\main\AndroidManifest.xml:402:13-37
	android:name
		ADDED from src\main\AndroidManifest.xml:401:13-71
intent-filter#com.igexin.sdk.action.7fjUl2Z3LH6xYy7NQK4ni4+com.igexin.sdk.action.pPyZWvH3Fa6PXba10aJ009
ADDED from src\main\AndroidManifest.xml:403:13-409:29
action#com.igexin.sdk.action.7fjUl2Z3LH6xYy7NQK4ni4
ADDED from src\main\AndroidManifest.xml:406:17-87
	android:name
		ADDED from src\main\AndroidManifest.xml:406:25-84
action#com.igexin.sdk.action.pPyZWvH3Fa6PXba10aJ009
ADDED from src\main\AndroidManifest.xml:408:17-87
	android:name
		ADDED from src\main\AndroidManifest.xml:408:25-84
service#com.igexin.getuiext.service.GetuiExtService
ADDED from src\main\AndroidManifest.xml:412:9-414:46
	android:process
		ADDED from src\main\AndroidManifest.xml:414:13-43
	android:name
		ADDED from src\main\AndroidManifest.xml:413:13-71
meta-data#SINA_REDIRECT_URI
ADDED from src\main\AndroidManifest.xml:421:9-423:53
	android:name
		ADDED from src\main\AndroidManifest.xml:422:13-45
	android:value
		ADDED from src\main\AndroidManifest.xml:423:13-50
meta-data#SINA_SECRET
ADDED from src\main\AndroidManifest.xml:424:9-426:53
	android:name
		ADDED from src\main\AndroidManifest.xml:425:13-39
	android:value
		ADDED from src\main\AndroidManifest.xml:426:13-50
meta-data#SINA_APPKEY
ADDED from src\main\AndroidManifest.xml:427:9-429:65
	android:name
		ADDED from src\main\AndroidManifest.xml:428:13-39
	android:value
		ADDED from src\main\AndroidManifest.xml:429:13-62
activity#io.dcloud.share.tencent.WebAuthorize
ADDED from src\main\AndroidManifest.xml:431:9-433:63
	android:theme
		ADDED from src\main\AndroidManifest.xml:433:13-60
	android:name
		ADDED from src\main\AndroidManifest.xml:432:13-64
meta-data#TENCENT_REDIRECT_URI
ADDED from src\main\AndroidManifest.xml:437:9-439:53
	android:name
		ADDED from src\main\AndroidManifest.xml:438:13-48
	android:value
		ADDED from src\main\AndroidManifest.xml:439:13-50
meta-data#TENCENT_SECRET
ADDED from src\main\AndroidManifest.xml:440:9-442:53
	android:name
		ADDED from src\main\AndroidManifest.xml:441:13-42
	android:value
		ADDED from src\main\AndroidManifest.xml:442:13-50
meta-data#TENCENT_APPKEY
ADDED from src\main\AndroidManifest.xml:443:9-445:65
	android:name
		ADDED from src\main\AndroidManifest.xml:444:13-42
	android:value
		ADDED from src\main\AndroidManifest.xml:445:13-62
meta-data#WX_SECRET
ADDED from src\main\AndroidManifest.xml:448:9-450:64
	android:name
		ADDED from src\main\AndroidManifest.xml:449:13-37
	android:value
		ADDED from src\main\AndroidManifest.xml:450:13-61
meta-data#WX_APPID
ADDED from src\main\AndroidManifest.xml:451:9-453:50
	android:name
		ADDED from src\main\AndroidManifest.xml:452:13-36
	android:value
		ADDED from src\main\AndroidManifest.xml:453:13-47
activity#com.HBuilder.integrate.wxapi.WXEntryActivity
ADDED from src\main\AndroidManifest.xml:455:9-467:20
	android:label
		ADDED from src\main\AndroidManifest.xml:458:13-45
	android:exported
		ADDED from src\main\AndroidManifest.xml:457:13-36
	android:name
		ADDED from src\main\AndroidManifest.xml:456:13-50
	android:launchMode
		ADDED from src\main\AndroidManifest.xml:459:13-43
intent-filter#android.intent.action.VIEW+android.intent.category.DEFAULT
ADDED from src\main\AndroidManifest.xml:460:13-466:29
activity#com.alipay.sdk.app.H5PayActivity
ADDED from src\main\AndroidManifest.xml:472:9-477:70
	android:windowSoftInputMode
		ADDED from src\main\AndroidManifest.xml:477:13-67
	android:screenOrientation
		ADDED from src\main\AndroidManifest.xml:476:13-47
	android:configChanges
		ADDED from src\main\AndroidManifest.xml:474:13-74
	android:exported
		ADDED from src\main\AndroidManifest.xml:475:13-37
	android:name
		ADDED from src\main\AndroidManifest.xml:473:13-60
activity#com.alipay.sdk.auth.AuthActivity
ADDED from src\main\AndroidManifest.xml:478:9-482:50
	android:screenOrientation
		ADDED from src\main\AndroidManifest.xml:482:13-47
	android:configChanges
		ADDED from src\main\AndroidManifest.xml:480:13-74
	android:exported
		ADDED from src\main\AndroidManifest.xml:481:13-37
	android:name
		ADDED from src\main\AndroidManifest.xml:479:13-60
activity#com.HBuilder.integrate.wxapi.WXPayEntryActivity
ADDED from src\main\AndroidManifest.xml:487:9-490:46
	android:exported
		ADDED from src\main\AndroidManifest.xml:489:13-36
	android:name
		ADDED from src\main\AndroidManifest.xml:488:13-53
	android:launchMode
		ADDED from src\main\AndroidManifest.xml:490:13-43